<?xml version="1.0" encoding="UTF-8"?>
<!-- Generated by org.testng.reporters.JUnitXMLReporter -->
<testsuite ignored="0" hostname="MIGHTYSURYA11" failures="0" tests="3" name="Default test" time="73.329" errors="0" timestamp="2024-09-01T15:17:55 IST">
  <testcase classname="Run_File.MxPlayer_run" name="login" time="29.502"/>
  <testcase classname="Run_File.MxPlayer_run" name="Notification" time="6.589"/>
  <testcase classname="Run_File.MxPlayer_run" name="switchTab" time="2.527"/>
</testsuite> <!-- Default test -->
