<?xml version="1.0" encoding="UTF-8"?>
<testng-results ignored="0" total="3" passed="3" failed="0" skipped="0">
  <reporter-output>
  </reporter-output>
  <suite started-at="2024-09-01T15:16:42 IST" name="Default suite" finished-at="2024-09-01T15:17:55 IST" duration-ms="73329">
    <groups>
    </groups>
    <test started-at="2024-09-01T15:16:42 IST" name="Default test" finished-at="2024-09-01T15:17:55 IST" duration-ms="73329">
      <class name="Run_File.MxPlayer_run">
        <test-method is-config="true" signature="setup()[pri:0, instance:Run_File.MxPlayer_run@ffaa6af]" started-at="2024-09-01T15:16:42 IST" name="setup" finished-at="2024-09-01T15:17:17 IST" duration-ms="34634" status="PASS">
          <reporter-output>
          </reporter-output>
        </test-method> <!-- setup -->
        <test-method signature="login()[pri:1, instance:Run_File.MxPlayer_run@ffaa6af]" started-at="2024-09-01T15:17:17 IST" name="login" finished-at="2024-09-01T15:17:46 IST" duration-ms="29502" status="PASS">
          <reporter-output>
          </reporter-output>
        </test-method> <!-- login -->
        <test-method signature="Notification()[pri:2, instance:Run_File.MxPlayer_run@ffaa6af]" started-at="2024-09-01T15:17:46 IST" name="Notification" finished-at="2024-09-01T15:17:53 IST" duration-ms="6589" status="PASS">
          <reporter-output>
          </reporter-output>
        </test-method> <!-- Notification -->
        <test-method signature="switchTab()[pri:3, instance:Run_File.MxPlayer_run@ffaa6af]" started-at="2024-09-01T15:17:53 IST" name="switchTab" finished-at="2024-09-01T15:17:55 IST" duration-ms="2527" status="PASS">
          <reporter-output>
          </reporter-output>
        </test-method> <!-- switchTab -->
      </class> <!-- Run_File.MxPlayer_run -->
    </test> <!-- Default test -->
  </suite> <!-- Default suite -->
</testng-results>
